<?xml version="1.0" encoding="UTF-8"?>
<!-- Generated by org.testng.reporters.JUnitReportReporter -->
<testsuite skipped="0" hostname="Shushik" name="tests.CategoryPageTest" tests="6" failures="0" timestamp="08 Nov 2017 00:17:44 GMT" time="21.296" errors="0">
  <testcase name="checkLogo" time="1.737" classname="tests.CategoryPageTest"/>
  <testcase name="validLogin" time="6.591" classname="tests.CategoryPageTest"/>
  <testcase name="selectCategory1" time="4.298" classname="tests.CategoryPageTest"/>
  <testcase name="selectCategory1" time="3.848" classname="tests.CategoryPageTest"/>
  <testcase name="selectCategory1" time="3.296" classname="tests.CategoryPageTest"/>
  <testcase name="getError" time="1.526" classname="tests.CategoryPageTest"/>
</testsuite> <!-- tests.CategoryPageTest -->
