<?xml version="1.0" encoding="UTF-8"?>
<!-- Generated by org.testng.reporters.JUnitReportReporter -->
<testsuite skipped="0" hostname="Shushik" name="tests.InvalidLoginTest" tests="10" failures="0" timestamp="09 Nov 2017 22:30:20 GMT" time="63.192" errors="0">
  <testcase name="checkLogo" time="0.973" classname="tests.InvalidLoginTest"/>
  <testcase name="getErrors" time="10.819" classname="tests.InvalidLoginTest"/>
  <testcase name="getErrors" time="10.846" classname="tests.InvalidLoginTest"/>
  <testcase name="getErrors" time="13.464" classname="tests.InvalidLoginTest"/>
  <testcase name="getErrors" time="0.903" classname="tests.InvalidLoginTest"/>
  <testcase name="getErrors" time="11.520" classname="tests.InvalidLoginTest"/>
  <testcase name="getErrors" time="0.507" classname="tests.InvalidLoginTest"/>
  <testcase name="emptyPass" time="0.665" classname="tests.InvalidLoginTest"/>
  <testcase name="validLogin" time="1.997" classname="tests.InvalidLoginTest"/>
  <testcase name="logout" time="11.498" classname="tests.InvalidLoginTest"/>
</testsuite> <!-- tests.InvalidLoginTest -->
