<?xml version="1.0" encoding="UTF-8"?>
<!-- Generated by org.testng.reporters.JUnitReportReporter -->
<testsuite skipped="0" hostname="Shushik" name="tests.InvalidLoginTest" tests="10" failures="0" timestamp="08 Nov 2017 00:17:43 GMT" time="60.922" errors="0">
  <testcase name="checkLogo" time="1.873" classname="tests.InvalidLoginTest"/>
  <testcase name="getErrors" time="0.455" classname="tests.InvalidLoginTest"/>
  <testcase name="getErrors" time="10.875" classname="tests.InvalidLoginTest"/>
  <testcase name="getErrors" time="11.037" classname="tests.InvalidLoginTest"/>
  <testcase name="getErrors" time="10.787" classname="tests.InvalidLoginTest"/>
  <testcase name="getErrors" time="1.001" classname="tests.InvalidLoginTest"/>
  <testcase name="getErrors" time="10.888" classname="tests.InvalidLoginTest"/>
  <testcase name="emptyPass" time="0.859" classname="tests.InvalidLoginTest"/>
  <testcase name="validLogin" time="1.835" classname="tests.InvalidLoginTest"/>
  <testcase name="logout" time="11.312" classname="tests.InvalidLoginTest"/>
</testsuite> <!-- tests.InvalidLoginTest -->
