<?xml version="1.0" encoding="UTF-8"?>
<!-- Generated by org.testng.reporters.JUnitReportReporter -->
<testsuite skipped="1" hostname="Shushik" name="tests.TalentsPageTest" tests="10" failures="0" timestamp="26 Oct 2017 01:24:48 GMT" time="18.974" errors="0">
  <testcase name="validLogin" time="3.240" classname="tests.TalentsPageTest"/>
  <testcase name="checkLogo" time="1.484" classname="tests.TalentsPageTest"/>
  <testcase name="numberOfRows" time="0.796" classname="tests.TalentsPageTest"/>
  <testcase name="disableTalent" time="0.877" classname="tests.TalentsPageTest"/>
  <testcase name="enableTalent" time="0.631" classname="tests.TalentsPageTest"/>
  <testcase name="checkboxAll" time="4.885" classname="tests.TalentsPageTest"/>
  <testcase name="search" time="1.121" classname="tests.TalentsPageTest"/>
  <testcase name="getNew" time="3.200" classname="tests.TalentsPageTest"/>
  <testcase name="edit" time="2.740" classname="tests.TalentsPageTest"/>
  <testcase name="clickArchive" classname="tests.TalentsPageTest">
    <skipped/>
  </testcase> <!-- clickArchive -->
</testsuite> <!-- tests.TalentsPageTest -->
