<?xml version="1.0" encoding="UTF-8"?>
<!-- Generated by org.testng.reporters.JUnitReportReporter -->
<testsuite skipped="10" hostname="Shushik" name="tests.TalentsPageTest" tests="11" failures="0" timestamp="10 Nov 2017 21:24:59 GMT" time="0.002" errors="1">
  <testcase name="checkLogo" time="0.000" classname="tests.TalentsPageTest">
    <skipped/>
  </testcase> <!-- checkLogo -->
  <testcase name="validLogin" time="0.000" classname="tests.TalentsPageTest">
    <skipped/>
  </testcase> <!-- validLogin -->
  <testcase name="loginBeforeClass" time="0.001" classname="tests.TalentsPageTest">
    <error type="java.lang.NullPointerException">
      <![CDATA[java.lang.NullPointerException
	at com.google.common.base.Preconditions.checkNotNull(Preconditions.java:787)
	at org.openqa.selenium.support.ui.FluentWait.<init>(FluentWait.java:96)
	at org.openqa.selenium.support.ui.WebDriverWait.<init>(WebDriverWait.java:72)
	at org.openqa.selenium.support.ui.WebDriverWait.<init>(WebDriverWait.java:46)
	at pages.BasePage.<init>(BasePage.java:18)
	at pages.LoginPage.<init>(LoginPage.java:37)
	at tests.ValidLoginTest.loginBeforeClass(ValidLoginTest.java:18)
	at sun.reflect.NativeMethodAccessorImpl.invoke0(Native Method)
	at sun.reflect.NativeMethodAccessorImpl.invoke(NativeMethodAccessorImpl.java:62)
	at sun.reflect.DelegatingMethodAccessorImpl.invoke(DelegatingMethodAccessorImpl.java:43)
	at java.lang.reflect.Method.invoke(Method.java:498)
	at org.testng.internal.MethodInvocationHelper.invokeMethod(MethodInvocationHelper.java:108)
	at org.testng.internal.Invoker.invokeConfigurationMethod(Invoker.java:523)
	at org.testng.internal.Invoker.invokeConfigurations(Invoker.java:224)
	at org.testng.internal.Invoker.invokeConfigurations(Invoker.java:146)
	at org.testng.internal.TestMethodWorker.invokeBeforeClassMethods(TestMethodWorker.java:166)
	at org.testng.internal.TestMethodWorker.run(TestMethodWorker.java:105)
	at org.testng.TestRunner.privateRun(TestRunner.java:744)
	at org.testng.TestRunner.run(TestRunner.java:602)
	at org.testng.SuiteRunner.runTest(SuiteRunner.java:380)
	at org.testng.SuiteRunner.runSequentially(SuiteRunner.java:375)
	at org.testng.SuiteRunner.privateRun(SuiteRunner.java:340)
	at org.testng.SuiteRunner.run(SuiteRunner.java:289)
	at org.testng.SuiteRunnerWorker.runSuite(SuiteRunnerWorker.java:52)
	at org.testng.SuiteRunnerWorker.run(SuiteRunnerWorker.java:86)
	at org.testng.TestNG.runSuitesSequentially(TestNG.java:1301)
	at org.testng.TestNG.runSuitesLocally(TestNG.java:1226)
	at org.testng.TestNG.runSuites(TestNG.java:1144)
	at org.testng.TestNG.run(TestNG.java:1115)
	at org.testng.IDEARemoteTestNG.run(IDEARemoteTestNG.java:72)
	at org.testng.RemoteTestNGStarter.main(RemoteTestNGStarter.java:123)
]]>
    </error>
  </testcase> <!-- loginBeforeClass -->
  <testcase name="numberOfRows" time="0.001" classname="tests.TalentsPageTest">
    <skipped/>
  </testcase> <!-- numberOfRows -->
  <testcase name="disableTalent" time="0.000" classname="tests.TalentsPageTest">
    <skipped/>
  </testcase> <!-- disableTalent -->
  <testcase name="enableTalent" time="0.000" classname="tests.TalentsPageTest">
    <skipped/>
  </testcase> <!-- enableTalent -->
  <testcase name="checkboxAll" time="0.000" classname="tests.TalentsPageTest">
    <skipped/>
  </testcase> <!-- checkboxAll -->
  <testcase name="search" time="0.000" classname="tests.TalentsPageTest">
    <skipped/>
  </testcase> <!-- search -->
  <testcase name="getNew" time="0.000" classname="tests.TalentsPageTest">
    <skipped/>
  </testcase> <!-- getNew -->
  <testcase name="edit" time="0.000" classname="tests.TalentsPageTest">
    <skipped/>
  </testcase> <!-- edit -->
  <testcase name="clickArchive" classname="tests.TalentsPageTest">
    <skipped/>
  </testcase> <!-- clickArchive -->
</testsuite> <!-- tests.TalentsPageTest -->
