<?xml version="1.0" encoding="UTF-8"?>
<!-- Generated by org.testng.reporters.JUnitReportReporter -->
<testsuite ignored="0" hostname="Shushik" failures="0" tests="6" name="tests.CategoryPageTest" time="22.264" errors="0" timestamp="15 Nov 2017 20:45:06 GMT" skipped="0">
  <testcase classname="tests.CategoryPageTest" name="validLogin" time="7.063"/>
  <testcase classname="tests.CategoryPageTest" name="selectCategory1" time="3.763"/>
  <testcase classname="tests.CategoryPageTest" name="selectCategory1" time="3.712"/>
  <testcase classname="tests.CategoryPageTest" name="selectCategory1" time="3.934"/>
  <testcase classname="tests.CategoryPageTest" name="checkLogo" time="2.131"/>
  <testcase classname="tests.CategoryPageTest" name="getError" time="1.661"/>
</testsuite> <!-- tests.CategoryPageTest -->
