<?xml version="1.0" encoding="UTF-8"?>
<!-- Generated by org.testng.reporters.JUnitReportReporter -->
<testsuite ignored="28" hostname="Shushik" failures="0" tests="4" name="tests.CategoryPageTest" time="12.408" errors="0" timestamp="24 Nov 2017 21:39:31 GMT" skipped="0">
  <testcase classname="tests.CategoryPageTest" name="checkTitle" time="0.027"/>
  <testcase classname="tests.CategoryPageTest" name="selectCategory1" time="4.433"/>
  <testcase classname="tests.CategoryPageTest" name="selectCategory1" time="3.879"/>
  <testcase classname="tests.CategoryPageTest" name="selectCategory1" time="4.069"/>
  <testcase classname="tests.TalentsPageTest" name="clickArchive">
    <skipped/>
  </testcase> <!-- clickArchive -->
  <testcase classname="tests.TalentsPageTest" name="edit">
    <skipped/>
  </testcase> <!-- edit -->
  <testcase classname="tests.TalentsPageTest" name="getNew">
    <skipped/>
  </testcase> <!-- getNew -->
  <testcase classname="tests.LoginPageTest" name="getErrors">
    <skipped/>
  </testcase> <!-- getErrors -->
  <testcase classname="tests.LoginPageTest" name="emptyPass">
    <skipped/>
  </testcase> <!-- emptyPass -->
  <testcase classname="tests.BaseTest" name="afterTest">
    <skipped/>
  </testcase> <!-- afterTest -->
  <testcase classname="tests.BaseTest" name="afterTest">
    <skipped/>
  </testcase> <!-- afterTest -->
  <testcase classname="tests.BaseTest" name="afterTest">
    <skipped/>
  </testcase> <!-- afterTest -->
  <testcase classname="tests.BaseTest" name="afterTest">
    <skipped/>
  </testcase> <!-- afterTest -->
  <testcase classname="tests.BaseTest" name="beforeTest">
    <skipped/>
  </testcase> <!-- beforeTest -->
  <testcase classname="tests.BaseTest" name="beforeTest">
    <skipped/>
  </testcase> <!-- beforeTest -->
  <testcase classname="tests.BaseTest" name="beforeTest">
    <skipped/>
  </testcase> <!-- beforeTest -->
  <testcase classname="tests.BaseTest" name="beforeTest">
    <skipped/>
  </testcase> <!-- beforeTest -->
  <testcase classname="tests.PersonalPageTest" name="getIncorrectFileType">
    <skipped/>
  </testcase> <!-- getIncorrectFileType -->
  <testcase classname="tests.PersonalPageTest" name="getPlaceBirthError">
    <skipped/>
  </testcase> <!-- getPlaceBirthError -->
  <testcase classname="tests.PersonalPageTest" name="enterInvalidPhone">
    <skipped/>
  </testcase> <!-- enterInvalidPhone -->
  <testcase classname="tests.PersonalPageTest" name="insertInvalidHeight">
    <skipped/>
  </testcase> <!-- insertInvalidHeight -->
  <testcase classname="tests.PersonalPageTest" name="enterInvalidEmail">
    <skipped/>
  </testcase> <!-- enterInvalidEmail -->
  <testcase classname="tests.PersonalPageTest" name="insertInvalidWeight">
    <skipped/>
  </testcase> <!-- insertInvalidWeight -->
  <testcase classname="tests.PersonalPageTest" name="enterLongFirstName">
    <skipped/>
  </testcase> <!-- enterLongFirstName -->
  <testcase classname="tests.PersonalPageTest" name="goPersonal">
    <skipped/>
  </testcase> <!-- goPersonal -->
  <testcase classname="tests.PersonalPageTest" name="login">
    <skipped/>
  </testcase> <!-- login -->
  <testcase classname="tests.TalentTraitsPageTest" name="insert11">
    <skipped/>
  </testcase> <!-- insert11 -->
  <testcase classname="tests.TalentTraitsPageTest" name="insert0">
    <skipped/>
  </testcase> <!-- insert0 -->
  <testcase classname="tests.TalentTraitsPageTest" name="getEmptyErrors">
    <skipped/>
  </testcase> <!-- getEmptyErrors -->
  <testcase classname="tests.TalentTraitsPageTest" name="login">
    <skipped/>
  </testcase> <!-- login -->
  <testcase classname="tests.CategoryPageTest" name="getError">
    <skipped/>
  </testcase> <!-- getError -->
  <testcase classname="tests.CategoryPageTest" name="login">
    <skipped/>
  </testcase> <!-- login -->
</testsuite> <!-- tests.CategoryPageTest -->
