<?xml version="1.0" encoding="UTF-8"?>
<!-- Generated by org.testng.reporters.JUnitReportReporter -->
<testsuite ignored="5" hostname="Shushik" failures="0" tests="5" name="tests.CategoryPageTest" time="14.902" errors="0" timestamp="24 Nov 2017 01:27:31 GMT" skipped="0">
  <testcase classname="tests.CategoryPageTest" name="validLogin" time="2.219"/>
  <testcase classname="tests.CategoryPageTest" name="checkLogo" time="0.039"/>
  <testcase classname="tests.CategoryPageTest" name="selectCategory1" time="4.259"/>
  <testcase classname="tests.CategoryPageTest" name="selectCategory1" time="4.605"/>
  <testcase classname="tests.CategoryPageTest" name="selectCategory1" time="3.780"/>
  <testcase classname="tests.BaseTest" name="afterTest">
    <skipped/>
  </testcase> <!-- afterTest -->
  <testcase classname="tests.BaseTest" name="beforeTest">
    <skipped/>
  </testcase> <!-- beforeTest -->
  <testcase classname="tests.CategoryPageTest" name="getError">
    <skipped/>
  </testcase> <!-- getError -->
  <testcase classname="tests.LoginPageTest" name="getErrors">
    <skipped/>
  </testcase> <!-- getErrors -->
  <testcase classname="tests.LoginPageTest" name="emptyPass">
    <skipped/>
  </testcase> <!-- emptyPass -->
</testsuite> <!-- tests.CategoryPageTest -->
