<?xml version="1.0" encoding="UTF-8"?>
<!-- Generated by org.testng.reporters.JUnitReportReporter -->
<testsuite ignored="2" hostname="Shushik" failures="0" tests="3" name="tests.LoginPageTest" time="12.685" errors="0" timestamp="24 Nov 2017 03:14:19 GMT" skipped="0">
  <testcase classname="tests.LoginPageTest" name="logout" time="1.226"/>
  <testcase classname="tests.LoginPageTest" name="validLogin" time="9.252"/>
  <testcase classname="tests.LoginPageTest" name="checkLogo" time="2.207"/>
  <testcase classname="tests.LoginPageTest" name="getErrors">
    <skipped/>
  </testcase> <!-- getErrors -->
  <testcase classname="tests.LoginPageTest" name="emptyPass">
    <skipped/>
  </testcase> <!-- emptyPass -->
</testsuite> <!-- tests.LoginPageTest -->
