<?xml version="1.0" encoding="UTF-8"?>
<!-- Generated by org.testng.reporters.JUnitReportReporter -->
<testsuite skipped="10" hostname="Shushik" name="tests.LoginPageTest" tests="11" failures="0" timestamp="11 Nov 2017 01:12:59 GMT" time="0.298" errors="1">
  <testcase name="beforeClass" time="0.297" classname="tests.LoginPageTest">
    <error type="java.lang.NullPointerException">
      <![CDATA[java.lang.NullPointerException
	at com.google.common.base.Preconditions.checkNotNull(Preconditions.java:787)
	at org.openqa.selenium.support.ui.FluentWait.<init>(FluentWait.java:96)
	at org.openqa.selenium.support.ui.WebDriverWait.<init>(WebDriverWait.java:72)
	at org.openqa.selenium.support.ui.WebDriverWait.<init>(WebDriverWait.java:46)
	at pages.BasePage.<init>(BasePage.java:18)
	at pages.LoginPage.<init>(LoginPage.java:37)
	at tests.BaseTest.beforeClass(BaseTest.java:38)
	at sun.reflect.NativeMethodAccessorImpl.invoke0(Native Method)
	at sun.reflect.NativeMethodAccessorImpl.invoke(NativeMethodAccessorImpl.java:62)
	at sun.reflect.DelegatingMethodAccessorImpl.invoke(DelegatingMethodAccessorImpl.java:43)
	at java.lang.reflect.Method.invoke(Method.java:498)
	at org.testng.internal.MethodInvocationHelper.invokeMethod(MethodInvocationHelper.java:108)
	at org.testng.internal.Invoker.invokeConfigurationMethod(Invoker.java:523)
	at org.testng.internal.Invoker.invokeConfigurations(Invoker.java:224)
	at org.testng.internal.Invoker.invokeConfigurations(Invoker.java:146)
	at org.testng.TestRunner.beforeRun(TestRunner.java:626)
	at org.testng.TestRunner.run(TestRunner.java:594)
	at org.testng.SuiteRunner.runTest(SuiteRunner.java:380)
	at org.testng.SuiteRunner.runSequentially(SuiteRunner.java:375)
	at org.testng.SuiteRunner.privateRun(SuiteRunner.java:340)
	at org.testng.SuiteRunner.run(SuiteRunner.java:289)
	at org.testng.SuiteRunnerWorker.runSuite(SuiteRunnerWorker.java:52)
	at org.testng.SuiteRunnerWorker.run(SuiteRunnerWorker.java:86)
	at org.testng.TestNG.runSuitesSequentially(TestNG.java:1301)
	at org.testng.TestNG.runSuitesLocally(TestNG.java:1226)
	at org.testng.TestNG.runSuites(TestNG.java:1144)
	at org.testng.TestNG.run(TestNG.java:1115)
	at org.testng.IDEARemoteTestNG.run(IDEARemoteTestNG.java:72)
	at org.testng.RemoteTestNGStarter.main(RemoteTestNGStarter.java:123)
]]>
    </error>
  </testcase> <!-- beforeClass -->
  <testcase name="checkLogo" time="0.001" classname="tests.LoginPageTest">
    <skipped/>
  </testcase> <!-- checkLogo -->
  <testcase name="getErrors" time="0.000" classname="tests.LoginPageTest">
    <skipped/>
  </testcase> <!-- getErrors -->
  <testcase name="getErrors" time="0.000" classname="tests.LoginPageTest">
    <skipped/>
  </testcase> <!-- getErrors -->
  <testcase name="getErrors" time="0.000" classname="tests.LoginPageTest">
    <skipped/>
  </testcase> <!-- getErrors -->
  <testcase name="getErrors" time="0.000" classname="tests.LoginPageTest">
    <skipped/>
  </testcase> <!-- getErrors -->
  <testcase name="getErrors" time="0.000" classname="tests.LoginPageTest">
    <skipped/>
  </testcase> <!-- getErrors -->
  <testcase name="getErrors" time="0.000" classname="tests.LoginPageTest">
    <skipped/>
  </testcase> <!-- getErrors -->
  <testcase name="emptyPass" time="0.000" classname="tests.LoginPageTest">
    <skipped/>
  </testcase> <!-- emptyPass -->
  <testcase name="validLogin" time="0.000" classname="tests.LoginPageTest">
    <skipped/>
  </testcase> <!-- validLogin -->
  <testcase name="logout" time="0.000" classname="tests.LoginPageTest">
    <skipped/>
  </testcase> <!-- logout -->
</testsuite> <!-- tests.LoginPageTest -->
