<?xml version="1.0" encoding="UTF-8"?>
<!-- Generated by org.testng.reporters.JUnitReportReporter -->
<testsuite ignored="0" hostname="Shushik" failures="0" tests="10" name="tests.LoginPageTest" time="51.399" errors="0" timestamp="15 Nov 2017 20:45:06 GMT" skipped="0">
  <testcase classname="tests.LoginPageTest" name="getErrors" time="1.153"/>
  <testcase classname="tests.LoginPageTest" name="getErrors" time="0.711"/>
  <testcase classname="tests.LoginPageTest" name="getErrors" time="10.833"/>
  <testcase classname="tests.LoginPageTest" name="getErrors" time="10.964"/>
  <testcase classname="tests.LoginPageTest" name="validLogin" time="1.385"/>
  <testcase classname="tests.LoginPageTest" name="checkLogo" time="0.581"/>
  <testcase classname="tests.LoginPageTest" name="getErrors" time="11.649"/>
  <testcase classname="tests.LoginPageTest" name="logout" time="1.553"/>
  <testcase classname="tests.LoginPageTest" name="getErrors" time="11.572"/>
  <testcase classname="tests.LoginPageTest" name="emptyPass" time="0.998"/>
</testsuite> <!-- tests.LoginPageTest -->
