<?xml version="1.0" encoding="UTF-8"?>
<!-- Generated by org.testng.reporters.JUnitReportReporter -->
<testsuite skipped="0" hostname="Shushik" name="tests.CategoryPageTest" tests="6" failures="0" timestamp="26 Oct 2017 21:31:02 GMT" time="21.585" errors="0">
  <testcase name="checkLogo" time="2.632" classname="tests.CategoryPageTest"/>
  <testcase name="validLogin" time="3.937" classname="tests.CategoryPageTest"/>
  <testcase name="selectCategory1" time="4.872" classname="tests.CategoryPageTest"/>
  <testcase name="selectCategory1" time="3.882" classname="tests.CategoryPageTest"/>
  <testcase name="selectCategory1" time="4.322" classname="tests.CategoryPageTest"/>
  <testcase name="getError" time="1.940" classname="tests.CategoryPageTest"/>
</testsuite> <!-- tests.CategoryPageTest -->
