<?xml version="1.0" encoding="UTF-8"?>
<!-- Generated by org.testng.reporters.JUnitReportReporter -->
<testsuite skipped="0" hostname="Shushik" name="tests.PersonalPageTest" tests="6" failures="0" timestamp="08 Nov 2017 00:17:45 GMT" time="24.664" errors="0">
  <testcase name="validLogin" time="2.185" classname="tests.PersonalPageTest"/>
  <testcase name="checkLogo" time="1.889" classname="tests.PersonalPageTest"/>
  <testcase name="goPersonal" time="2.979" classname="tests.PersonalPageTest"/>
  <testcase name="assertInfo" time="6.681" classname="tests.PersonalPageTest"/>
  <testcase name="assertInfo" time="5.558" classname="tests.PersonalPageTest"/>
  <testcase name="assertInfo" time="5.372" classname="tests.PersonalPageTest"/>
</testsuite> <!-- tests.PersonalPageTest -->
