<?xml version="1.0" encoding="UTF-8"?>
<!-- Generated by org.testng.reporters.JUnitReportReporter -->
<testsuite skipped="0" hostname="Shushik" name="tests.InvalidLoginTest" tests="10" failures="0" timestamp="06 Nov 2017 18:35:49 GMT" time="48.013" errors="0">
  <testcase name="checkLogo" time="0.165" classname="tests.InvalidLoginTest"/>
  <testcase name="getErrors" time="7.883" classname="tests.InvalidLoginTest"/>
  <testcase name="getErrors" time="7.635" classname="tests.InvalidLoginTest"/>
  <testcase name="getErrors" time="7.508" classname="tests.InvalidLoginTest"/>
  <testcase name="getErrors" time="2.124" classname="tests.InvalidLoginTest"/>
  <testcase name="getErrors" time="2.373" classname="tests.InvalidLoginTest"/>
  <testcase name="getErrors" time="7.761" classname="tests.InvalidLoginTest"/>
  <testcase name="emptyPass" time="1.930" classname="tests.InvalidLoginTest"/>
  <testcase name="validLogin" time="2.638" classname="tests.InvalidLoginTest"/>
  <testcase name="logout" time="7.996" classname="tests.InvalidLoginTest"/>
</testsuite> <!-- tests.InvalidLoginTest -->
