<?xml version="1.0" encoding="UTF-8"?>
<!-- Generated by org.testng.reporters.JUnitReportReporter -->
<testsuite skipped="1" hostname="Shushik" name="tests.TalentsPageTest" tests="10" failures="0" timestamp="08 Nov 2017 00:17:44 GMT" time="21.316" errors="0">
  <testcase name="validLogin" time="7.347" classname="tests.TalentsPageTest"/>
  <testcase name="checkLogo" time="1.585" classname="tests.TalentsPageTest"/>
  <testcase name="numberOfRows" time="0.704" classname="tests.TalentsPageTest"/>
  <testcase name="disableTalent" time="1.366" classname="tests.TalentsPageTest"/>
  <testcase name="enableTalent" time="0.894" classname="tests.TalentsPageTest"/>
  <testcase name="checkboxAll" time="4.267" classname="tests.TalentsPageTest"/>
  <testcase name="search" time="0.668" classname="tests.TalentsPageTest"/>
  <testcase name="getNew" time="2.051" classname="tests.TalentsPageTest"/>
  <testcase name="edit" time="2.434" classname="tests.TalentsPageTest"/>
  <testcase name="clickArchive" classname="tests.TalentsPageTest">
    <skipped/>
  </testcase> <!-- clickArchive -->
</testsuite> <!-- tests.TalentsPageTest -->
