<?xml version="1.0" encoding="UTF-8"?>
<!-- Generated by org.testng.reporters.JUnitReportReporter -->
<testsuite ignored="1" hostname="Shushik" failures="0" tests="5" name="tests.RegisterPageTest" time="15.544" errors="0" timestamp="24 Nov 2017 22:29:08 GMT" skipped="0">
  <testcase classname="tests.RegisterPageTest" name="registerNewUser" time="9.930"/>
  <testcase classname="tests.RegisterPageTest" name="checkTitle" time="0.016"/>
  <testcase classname="tests.RegisterPageTest" name="assertMyProfile" time="2.731"/>
  <testcase classname="tests.RegisterPageTest" name="gotoRegister" time="0.491"/>
  <testcase classname="tests.RegisterPageTest" name="checkEmailWelcomeMessage" time="2.376"/>
  <testcase classname="tests.RegisterPageTest" name="checkEmailError">
    <skipped/>
  </testcase> <!-- checkEmailError -->
</testsuite> <!-- tests.RegisterPageTest -->
