<?xml version="1.0" encoding="UTF-8"?>
<!-- Generated by org.testng.reporters.JUnitReportReporter -->
<testsuite hostname="Shushik" failures="0" tests="6" name="tests.CategoryPageTest" time="0.000" errors="0" timestamp="12 Nov 2017 01:26:58 GMT" skipped="6">
  <testcase classname="tests.CategoryPageTest" name="checkLogo" time="0.000">
    <skipped/>
  </testcase> <!-- checkLogo -->
  <testcase classname="tests.CategoryPageTest" name="validLogin" time="0.000">
    <skipped/>
  </testcase> <!-- validLogin -->
  <testcase classname="tests.CategoryPageTest" name="selectCategory1" time="0.000">
    <skipped/>
  </testcase> <!-- selectCategory1 -->
  <testcase classname="tests.CategoryPageTest" name="selectCategory1" time="0.000">
    <skipped/>
  </testcase> <!-- selectCategory1 -->
  <testcase classname="tests.CategoryPageTest" name="selectCategory1" time="0.000">
    <skipped/>
  </testcase> <!-- selectCategory1 -->
  <testcase classname="tests.CategoryPageTest" name="getError" time="0.000">
    <skipped/>
  </testcase> <!-- getError -->
</testsuite> <!-- tests.CategoryPageTest -->
