<?xml version="1.0" encoding="UTF-8"?>
<!-- Generated by org.testng.reporters.JUnitReportReporter -->
<testsuite hostname="Shushik" failures="0" tests="16" name="tests.PersonalPageTest" time="0.000" errors="0" timestamp="12 Nov 2017 01:26:58 GMT" skipped="16">
  <testcase classname="tests.PersonalPageTest" name="validLogin" time="0.000">
    <skipped/>
  </testcase> <!-- validLogin -->
  <testcase classname="tests.PersonalPageTest" name="checkLogo" time="0.000">
    <skipped/>
  </testcase> <!-- checkLogo -->
  <testcase classname="tests.PersonalPageTest" name="goPersonal" time="0.000">
    <skipped/>
  </testcase> <!-- goPersonal -->
  <testcase classname="tests.PersonalPageTest" name="enterLongFirstName" time="0.000">
    <skipped/>
  </testcase> <!-- enterLongFirstName -->
  <testcase classname="tests.PersonalPageTest" name="getIncorrectFileType" time="0.000">
    <skipped/>
  </testcase> <!-- getIncorrectFileType -->
  <testcase classname="tests.PersonalPageTest" name="getPlaceBirthError" time="0.000">
    <skipped/>
  </testcase> <!-- getPlaceBirthError -->
  <testcase classname="tests.PersonalPageTest" name="enterInvalidEmail" time="0.000">
    <skipped/>
  </testcase> <!-- enterInvalidEmail -->
  <testcase classname="tests.PersonalPageTest" name="enterInvalidPhone" time="0.000">
    <skipped/>
  </testcase> <!-- enterInvalidPhone -->
  <testcase classname="tests.PersonalPageTest" name="insertInvalidHeight" time="0.000">
    <skipped/>
  </testcase> <!-- insertInvalidHeight -->
  <testcase classname="tests.PersonalPageTest" name="insertInvalidWeight" time="0.000">
    <skipped/>
  </testcase> <!-- insertInvalidWeight -->
  <testcase classname="tests.PersonalPageTest" name="insertInformation" time="0.000">
    <skipped/>
  </testcase> <!-- insertInformation -->
  <testcase classname="tests.PersonalPageTest" name="insertInformation" time="0.000">
    <skipped/>
  </testcase> <!-- insertInformation -->
  <testcase classname="tests.PersonalPageTest" name="insertInformation" time="0.000">
    <skipped/>
  </testcase> <!-- insertInformation -->
  <testcase classname="tests.PersonalPageTest" name="assertInfo" time="0.000">
    <skipped/>
  </testcase> <!-- assertInfo -->
  <testcase classname="tests.PersonalPageTest" name="assertInfo" time="0.000">
    <skipped/>
  </testcase> <!-- assertInfo -->
  <testcase classname="tests.PersonalPageTest" name="assertInfo" time="0.000">
    <skipped/>
  </testcase> <!-- assertInfo -->
</testsuite> <!-- tests.PersonalPageTest -->
