<?xml version="1.0" encoding="UTF-8"?>
<!-- Generated by org.testng.reporters.JUnitReportReporter -->
<testsuite hostname="Shushik" failures="0" tests="2" name="tests.ValidLoginTest" time="0.000" errors="0" timestamp="12 Nov 2017 01:26:58 GMT" skipped="2">
  <testcase classname="tests.ValidLoginTest" name="validLogin" time="0.000">
    <skipped/>
  </testcase> <!-- validLogin -->
  <testcase classname="tests.ValidLoginTest" name="checkLogo" time="0.000">
    <skipped/>
  </testcase> <!-- checkLogo -->
</testsuite> <!-- tests.ValidLoginTest -->
