<?xml version="1.0" encoding="UTF-8"?>
<!-- Generated by org.testng.reporters.JUnitReportReporter -->
<testsuite hostname="Shushik" failures="0" tests="10" name="tests.TalentsPageTest" time="0.000" errors="0" timestamp="12 Nov 2017 01:26:58 GMT" skipped="10">
  <testcase classname="tests.TalentsPageTest" name="validLogin" time="0.000">
    <skipped/>
  </testcase> <!-- validLogin -->
  <testcase classname="tests.TalentsPageTest" name="checkLogo" time="0.000">
    <skipped/>
  </testcase> <!-- checkLogo -->
  <testcase classname="tests.TalentsPageTest" name="numberOfRows" time="0.000">
    <skipped/>
  </testcase> <!-- numberOfRows -->
  <testcase classname="tests.TalentsPageTest" name="disableTalent" time="0.000">
    <skipped/>
  </testcase> <!-- disableTalent -->
  <testcase classname="tests.TalentsPageTest" name="enableTalent" time="0.000">
    <skipped/>
  </testcase> <!-- enableTalent -->
  <testcase classname="tests.TalentsPageTest" name="checkboxAll" time="0.000">
    <skipped/>
  </testcase> <!-- checkboxAll -->
  <testcase classname="tests.TalentsPageTest" name="search" time="0.000">
    <skipped/>
  </testcase> <!-- search -->
  <testcase classname="tests.TalentsPageTest" name="getNew" time="0.000">
    <skipped/>
  </testcase> <!-- getNew -->
  <testcase classname="tests.TalentsPageTest" name="edit" time="0.000">
    <skipped/>
  </testcase> <!-- edit -->
  <testcase classname="tests.TalentsPageTest" name="clickArchive">
    <skipped/>
  </testcase> <!-- clickArchive -->
</testsuite> <!-- tests.TalentsPageTest -->
