<?xml version="1.0" encoding="UTF-8"?>
<!-- Generated by org.testng.reporters.JUnitReportReporter -->
<testsuite ignored="16" hostname="Shushik" failures="0" tests="5" name="tests.CategoryPageTest" time="16.278" errors="0" timestamp="24 Nov 2017 06:45:53 GMT" skipped="0">
  <testcase classname="tests.CategoryPageTest" name="selectCategory1" time="4.624"/>
  <testcase classname="tests.CategoryPageTest" name="validLogin" time="2.240"/>
  <testcase classname="tests.CategoryPageTest" name="selectCategory1" time="4.482"/>
  <testcase classname="tests.CategoryPageTest" name="selectCategory1" time="4.847"/>
  <testcase classname="tests.CategoryPageTest" name="checkLogo" time="0.085"/>
  <testcase classname="tests.PersonalPageTest" name="getIncorrectFileType">
    <skipped/>
  </testcase> <!-- getIncorrectFileType -->
  <testcase classname="tests.PersonalPageTest" name="getPlaceBirthError">
    <skipped/>
  </testcase> <!-- getPlaceBirthError -->
  <testcase classname="tests.PersonalPageTest" name="enterInvalidPhone">
    <skipped/>
  </testcase> <!-- enterInvalidPhone -->
  <testcase classname="tests.PersonalPageTest" name="insertInvalidHeight">
    <skipped/>
  </testcase> <!-- insertInvalidHeight -->
  <testcase classname="tests.PersonalPageTest" name="enterInvalidEmail">
    <skipped/>
  </testcase> <!-- enterInvalidEmail -->
  <testcase classname="tests.PersonalPageTest" name="insertInvalidWeight">
    <skipped/>
  </testcase> <!-- insertInvalidWeight -->
  <testcase classname="tests.PersonalPageTest" name="enterLongFirstName">
    <skipped/>
  </testcase> <!-- enterLongFirstName -->
  <testcase classname="tests.PersonalPageTest" name="goPersonal">
    <skipped/>
  </testcase> <!-- goPersonal -->
  <testcase classname="tests.PersonalPageTest" name="login">
    <skipped/>
  </testcase> <!-- login -->
  <testcase classname="tests.BaseTest" name="afterTest">
    <skipped/>
  </testcase> <!-- afterTest -->
  <testcase classname="tests.BaseTest" name="afterTest">
    <skipped/>
  </testcase> <!-- afterTest -->
  <testcase classname="tests.BaseTest" name="beforeTest">
    <skipped/>
  </testcase> <!-- beforeTest -->
  <testcase classname="tests.BaseTest" name="beforeTest">
    <skipped/>
  </testcase> <!-- beforeTest -->
  <testcase classname="tests.CategoryPageTest" name="getError">
    <skipped/>
  </testcase> <!-- getError -->
  <testcase classname="tests.LoginPageTest" name="getErrors">
    <skipped/>
  </testcase> <!-- getErrors -->
  <testcase classname="tests.LoginPageTest" name="emptyPass">
    <skipped/>
  </testcase> <!-- emptyPass -->
</testsuite> <!-- tests.CategoryPageTest -->
