<?xml version="1.0" encoding="UTF-8"?>
<!-- Generated by org.testng.reporters.JUnitReportReporter -->
<testsuite ignored="15" hostname="Shushik" failures="0" tests="3" name="tests.TalentTraitsPageTest" time="0.000" errors="1" timestamp="24 Nov 2017 03:06:17 GMT" skipped="2">
  <testcase classname="tests.TalentTraitsPageTest" name="checkLogo" time="0.000">
    <skipped/>
  </testcase> <!-- checkLogo -->
  <testcase classname="tests.TalentTraitsPageTest" name="beforeClass" time="0.000">
    <error type="java.lang.NullPointerException">
      <![CDATA[java.lang.NullPointerException
	at com.google.common.base.Preconditions.checkNotNull(Preconditions.java:787)
	at org.openqa.selenium.support.ui.FluentWait.<init>(FluentWait.java:96)
	at org.openqa.selenium.support.ui.WebDriverWait.<init>(WebDriverWait.java:72)
	at org.openqa.selenium.support.ui.WebDriverWait.<init>(WebDriverWait.java:46)
	at pages.BasePage.<init>(BasePage.java:18)
	at pages.LoginPage.<init>(LoginPage.java:37)
	at tests.BaseTest.beforeClass(BaseTest.java:35)
	at java.base/jdk.internal.reflect.NativeMethodAccessorImpl.invoke0(Native Method)
	at java.base/jdk.internal.reflect.NativeMethodAccessorImpl.invoke(NativeMethodAccessorImpl.java:62)
	at java.base/jdk.internal.reflect.DelegatingMethodAccessorImpl.invoke(DelegatingMethodAccessorImpl.java:43)
	at java.base/java.lang.reflect.Method.invoke(Method.java:564)
	at org.testng.internal.MethodInvocationHelper.invokeMethod(MethodInvocationHelper.java:104)
	at org.testng.internal.Invoker.invokeConfigurationMethod(Invoker.java:515)
	at org.testng.internal.Invoker.invokeConfigurations(Invoker.java:217)
	at org.testng.internal.Invoker.invokeConfigurations(Invoker.java:144)
	at org.testng.internal.TestMethodWorker.invokeBeforeClassMethods(TestMethodWorker.java:169)
	at org.testng.internal.TestMethodWorker.run(TestMethodWorker.java:108)
	at org.testng.TestRunner.privateRun(TestRunner.java:756)
	at org.testng.TestRunner.run(TestRunner.java:610)
	at org.testng.SuiteRunner.runTest(SuiteRunner.java:387)
	at org.testng.SuiteRunner.runSequentially(SuiteRunner.java:382)
	at org.testng.SuiteRunner.privateRun(SuiteRunner.java:340)
	at org.testng.SuiteRunner.run(SuiteRunner.java:289)
	at org.testng.SuiteRunnerWorker.runSuite(SuiteRunnerWorker.java:52)
	at org.testng.SuiteRunnerWorker.run(SuiteRunnerWorker.java:86)
	at org.testng.TestNG.runSuitesSequentially(TestNG.java:1293)
	at org.testng.TestNG.runSuitesLocally(TestNG.java:1218)
	at org.testng.TestNG.runSuites(TestNG.java:1133)
	at org.testng.TestNG.run(TestNG.java:1104)
	at org.apache.maven.surefire.testng.TestNGExecutor.run(TestNGExecutor.java:77)
	at org.apache.maven.surefire.testng.TestNGDirectoryTestSuite.executeMulti(TestNGDirectoryTestSuite.java:159)
	at org.apache.maven.surefire.testng.TestNGDirectoryTestSuite.execute(TestNGDirectoryTestSuite.java:99)
	at org.apache.maven.surefire.testng.TestNGProvider.invoke(TestNGProvider.java:106)
	at java.base/jdk.internal.reflect.NativeMethodAccessorImpl.invoke0(Native Method)
	at java.base/jdk.internal.reflect.NativeMethodAccessorImpl.invoke(NativeMethodAccessorImpl.java:62)
	at java.base/jdk.internal.reflect.DelegatingMethodAccessorImpl.invoke(DelegatingMethodAccessorImpl.java:43)
	at java.base/java.lang.reflect.Method.invoke(Method.java:564)
	at org.apache.maven.surefire.util.ReflectionUtils.invokeMethodWithArray(ReflectionUtils.java:189)
	at org.apache.maven.surefire.booter.ProviderFactory$ProviderProxy.invoke(ProviderFactory.java:165)
	at org.apache.maven.surefire.booter.ProviderFactory.invokeProvider(ProviderFactory.java:85)
	at org.apache.maven.surefire.booter.ForkedBooter.runSuitesInProcess(ForkedBooter.java:115)
	at org.apache.maven.surefire.booter.ForkedBooter.main(ForkedBooter.java:75)
]]>
    </error>
  </testcase> <!-- beforeClass -->
  <testcase classname="tests.TalentTraitsPageTest" name="validLogin" time="0.000">
    <skipped/>
  </testcase> <!-- validLogin -->
  <testcase classname="tests.TalentsPageTest" name="clickArchive">
    <skipped/>
  </testcase> <!-- clickArchive -->
  <testcase classname="tests.BaseTest" name="beforeTest">
    <skipped/>
  </testcase> <!-- beforeTest -->
  <testcase classname="tests.BaseTest" name="beforeTest">
    <skipped/>
  </testcase> <!-- beforeTest -->
  <testcase classname="tests.BaseTest" name="beforeTest">
    <skipped/>
  </testcase> <!-- beforeTest -->
  <testcase classname="tests.BaseTest" name="beforeTest">
    <skipped/>
  </testcase> <!-- beforeTest -->
  <testcase classname="tests.BaseTest" name="beforeTest">
    <skipped/>
  </testcase> <!-- beforeTest -->
  <testcase classname="tests.BaseTest" name="beforeTest">
    <skipped/>
  </testcase> <!-- beforeTest -->
  <testcase classname="tests.BaseTest" name="beforeTest">
    <skipped/>
  </testcase> <!-- beforeTest -->
  <testcase classname="tests.BaseTest" name="afterTest">
    <skipped/>
  </testcase> <!-- afterTest -->
  <testcase classname="tests.BaseTest" name="afterTest">
    <skipped/>
  </testcase> <!-- afterTest -->
  <testcase classname="tests.BaseTest" name="afterTest">
    <skipped/>
  </testcase> <!-- afterTest -->
  <testcase classname="tests.BaseTest" name="afterTest">
    <skipped/>
  </testcase> <!-- afterTest -->
  <testcase classname="tests.BaseTest" name="afterTest">
    <skipped/>
  </testcase> <!-- afterTest -->
  <testcase classname="tests.BaseTest" name="afterTest">
    <skipped/>
  </testcase> <!-- afterTest -->
  <testcase classname="tests.BaseTest" name="afterTest">
    <skipped/>
  </testcase> <!-- afterTest -->
</testsuite> <!-- tests.TalentTraitsPageTest -->
