<?xml version="1.0" encoding="UTF-8"?>
<!-- Generated by org.testng.reporters.JUnitReportReporter -->
<testsuite hostname="Shushik" failures="0" tests="7" name="tests.TalentTraitsPageTest" time="0.000" errors="0" timestamp="12 Nov 2017 01:26:58 GMT" skipped="7">
  <testcase classname="tests.TalentTraitsPageTest" name="validLogin" time="0.000">
    <skipped/>
  </testcase> <!-- validLogin -->
  <testcase classname="tests.TalentTraitsPageTest" name="checkLogo" time="0.000">
    <skipped/>
  </testcase> <!-- checkLogo -->
  <testcase classname="tests.TalentTraitsPageTest" name="goTalentTraits" time="0.000">
    <skipped/>
  </testcase> <!-- goTalentTraits -->
  <testcase classname="tests.TalentTraitsPageTest" name="getEmptyErrors" time="0.000">
    <skipped/>
  </testcase> <!-- getEmptyErrors -->
  <testcase classname="tests.TalentTraitsPageTest" name="insert11" time="0.000">
    <skipped/>
  </testcase> <!-- insert11 -->
  <testcase classname="tests.TalentTraitsPageTest" name="insert0" time="0.000">
    <skipped/>
  </testcase> <!-- insert0 -->
  <testcase classname="tests.TalentTraitsPageTest" name="insertScales" time="0.000">
    <skipped/>
  </testcase> <!-- insertScales -->
</testsuite> <!-- tests.TalentTraitsPageTest -->
