<?xml version="1.0" encoding="UTF-8"?>
<!-- Generated by org.testng.reporters.JUnitReportReporter -->
<testsuite hostname="Shushik" failures="0" tests="10" name="tests.LoginPageTest" time="0.000" errors="0" timestamp="12 Nov 2017 01:26:58 GMT" skipped="10">
  <testcase classname="tests.LoginPageTest" name="checkLogo" time="0.000">
    <skipped/>
  </testcase> <!-- checkLogo -->
  <testcase classname="tests.LoginPageTest" name="getErrors" time="0.000">
    <skipped/>
  </testcase> <!-- getErrors -->
  <testcase classname="tests.LoginPageTest" name="getErrors" time="0.000">
    <skipped/>
  </testcase> <!-- getErrors -->
  <testcase classname="tests.LoginPageTest" name="getErrors" time="0.000">
    <skipped/>
  </testcase> <!-- getErrors -->
  <testcase classname="tests.LoginPageTest" name="getErrors" time="0.000">
    <skipped/>
  </testcase> <!-- getErrors -->
  <testcase classname="tests.LoginPageTest" name="getErrors" time="0.000">
    <skipped/>
  </testcase> <!-- getErrors -->
  <testcase classname="tests.LoginPageTest" name="getErrors" time="0.000">
    <skipped/>
  </testcase> <!-- getErrors -->
  <testcase classname="tests.LoginPageTest" name="emptyPass" time="0.000">
    <skipped/>
  </testcase> <!-- emptyPass -->
  <testcase classname="tests.LoginPageTest" name="validLogin" time="0.000">
    <skipped/>
  </testcase> <!-- validLogin -->
  <testcase classname="tests.LoginPageTest" name="logout" time="0.000">
    <skipped/>
  </testcase> <!-- logout -->
</testsuite> <!-- tests.LoginPageTest -->
