<?xml version="1.0" encoding="UTF-8"?>
<!-- Generated by org.testng.reporters.JUnitReportReporter -->
<testsuite hostname="Shushik" failures="0" tests="21" name="tests.RegisterPageTest" time="0.004" errors="0" timestamp="12 Nov 2017 01:26:58 GMT" skipped="21">
  <testcase classname="tests.RegisterPageTest" name="checkLogo" time="0.000">
    <skipped/>
  </testcase> <!-- checkLogo -->
  <testcase classname="tests.RegisterPageTest" name="gotoRegister" time="0.000">
    <skipped/>
  </testcase> <!-- gotoRegister -->
  <testcase classname="tests.RegisterPageTest" name="checkEmailError" time="0.000">
    <skipped/>
  </testcase> <!-- checkEmailError -->
  <testcase classname="tests.RegisterPageTest" name="checkEmailError" time="0.000">
    <skipped/>
  </testcase> <!-- checkEmailError -->
  <testcase classname="tests.RegisterPageTest" name="checkEmailError" time="0.000">
    <skipped/>
  </testcase> <!-- checkEmailError -->
  <testcase classname="tests.RegisterPageTest" name="checkEmailError" time="0.000">
    <skipped/>
  </testcase> <!-- checkEmailError -->
  <testcase classname="tests.RegisterPageTest" name="checkEmailError" time="0.000">
    <skipped/>
  </testcase> <!-- checkEmailError -->
  <testcase classname="tests.RegisterPageTest" name="checkEmailError" time="0.000">
    <skipped/>
  </testcase> <!-- checkEmailError -->
  <testcase classname="tests.RegisterPageTest" name="checkEmailError" time="0.000">
    <skipped/>
  </testcase> <!-- checkEmailError -->
  <testcase classname="tests.RegisterPageTest" name="checkEmailError" time="0.001">
    <skipped/>
  </testcase> <!-- checkEmailError -->
  <testcase classname="tests.RegisterPageTest" name="checkEmailError" time="0.000">
    <skipped/>
  </testcase> <!-- checkEmailError -->
  <testcase classname="tests.RegisterPageTest" name="checkEmailError" time="0.000">
    <skipped/>
  </testcase> <!-- checkEmailError -->
  <testcase classname="tests.RegisterPageTest" name="checkEmailError" time="0.003">
    <skipped/>
  </testcase> <!-- checkEmailError -->
  <testcase classname="tests.RegisterPageTest" name="checkEmailError" time="0.000">
    <skipped/>
  </testcase> <!-- checkEmailError -->
  <testcase classname="tests.RegisterPageTest" name="checkEmailError" time="0.000">
    <skipped/>
  </testcase> <!-- checkEmailError -->
  <testcase classname="tests.RegisterPageTest" name="checkEmailError" time="0.000">
    <skipped/>
  </testcase> <!-- checkEmailError -->
  <testcase classname="tests.RegisterPageTest" name="checkEmailError" time="0.000">
    <skipped/>
  </testcase> <!-- checkEmailError -->
  <testcase classname="tests.RegisterPageTest" name="checkEmailError" time="0.000">
    <skipped/>
  </testcase> <!-- checkEmailError -->
  <testcase classname="tests.RegisterPageTest" name="registerNewUser" time="0.000">
    <skipped/>
  </testcase> <!-- registerNewUser -->
  <testcase classname="tests.RegisterPageTest" name="checkEmailWelcomeMessage" time="0.000">
    <skipped/>
  </testcase> <!-- checkEmailWelcomeMessage -->
  <testcase classname="tests.RegisterPageTest" name="assertMyProfile" time="0.000">
    <skipped/>
  </testcase> <!-- assertMyProfile -->
</testsuite> <!-- tests.RegisterPageTest -->
